<?xml version="1.0" encoding="UTF-8"?>
<testng-results ignored="0" total="6" passed="6" failed="0" skipped="0">
  <reporter-output>
  </reporter-output>
  <suite started-at="2024-06-04T09:27:12 IST" name="LambaTestSuite" finished-at="2024-06-04T09:28:49 IST" duration-ms="97332">
    <groups>
    </groups>
    <test started-at="2024-06-04T09:27:12 IST" name="ChromeTest" finished-at="2024-06-04T09:28:18 IST" duration-ms="65494">
      <class name="com.main.Main">
        <test-method signature="scenario1(java.lang.String,java.lang.String,java.lang.String)[pri:0, instance:com.main.Main@2ddc9a9f]" started-at="2024-06-04T09:27:12 IST" name="scenario1" finished-at="2024-06-04T09:27:29 IST" duration-ms="16672" status="PASS">
          <params>
            <param index="0">
              <value>
                <![CDATA[Chrome]]>
              </value>
            </param>
            <param index="1">
              <value>
                <![CDATA[124.0]]>
              </value>
            </param>
            <param index="2">
              <value>
                <![CDATA[Windows 10]]>
              </value>
            </param>
          </params>
          <reporter-output>
          </reporter-output>
        </test-method> <!-- scenario1 -->
        <test-method signature="scenario2(java.lang.String,java.lang.String,java.lang.String)[pri:0, instance:com.main.Main@2ddc9a9f]" started-at="2024-06-04T09:27:29 IST" name="scenario2" finished-at="2024-06-04T09:28:01 IST" duration-ms="32200" status="PASS">
          <params>
            <param index="0">
              <value>
                <![CDATA[Chrome]]>
              </value>
            </param>
            <param index="1">
              <value>
                <![CDATA[124.0]]>
              </value>
            </param>
            <param index="2">
              <value>
                <![CDATA[Windows 10]]>
              </value>
            </param>
          </params>
          <reporter-output>
          </reporter-output>
        </test-method> <!-- scenario2 -->
        <test-method signature="scenario3(java.lang.String,java.lang.String,java.lang.String)[pri:0, instance:com.main.Main@2ddc9a9f]" started-at="2024-06-04T09:28:01 IST" name="scenario3" finished-at="2024-06-04T09:28:18 IST" duration-ms="16552" status="PASS">
          <params>
            <param index="0">
              <value>
                <![CDATA[Chrome]]>
              </value>
            </param>
            <param index="1">
              <value>
                <![CDATA[124.0]]>
              </value>
            </param>
            <param index="2">
              <value>
                <![CDATA[Windows 10]]>
              </value>
            </param>
          </params>
          <reporter-output>
          </reporter-output>
        </test-method> <!-- scenario3 -->
      </class> <!-- com.main.Main -->
    </test> <!-- ChromeTest -->
    <test started-at="2024-06-04T09:27:12 IST" name="MACTEST" finished-at="2024-06-04T09:28:49 IST" duration-ms="97332">
      <class name="com.main.Main">
        <test-method signature="scenario1(java.lang.String,java.lang.String,java.lang.String)[pri:0, instance:com.main.Main@24569dba]" started-at="2024-06-04T09:27:12 IST" name="scenario1" finished-at="2024-06-04T09:27:33 IST" duration-ms="20588" status="PASS">
          <params>
            <param index="0">
              <value>
                <![CDATA[Safari]]>
              </value>
            </param>
            <param index="1">
              <value>
                <![CDATA[17.0]]>
              </value>
            </param>
            <param index="2">
              <value>
                <![CDATA[macOS Sonoma]]>
              </value>
            </param>
          </params>
          <reporter-output>
          </reporter-output>
        </test-method> <!-- scenario1 -->
        <test-method signature="scenario2(java.lang.String,java.lang.String,java.lang.String)[pri:0, instance:com.main.Main@24569dba]" started-at="2024-06-04T09:27:33 IST" name="scenario2" finished-at="2024-06-04T09:28:23 IST" duration-ms="50069" status="PASS">
          <params>
            <param index="0">
              <value>
                <![CDATA[Safari]]>
              </value>
            </param>
            <param index="1">
              <value>
                <![CDATA[17.0]]>
              </value>
            </param>
            <param index="2">
              <value>
                <![CDATA[macOS Sonoma]]>
              </value>
            </param>
          </params>
          <reporter-output>
          </reporter-output>
        </test-method> <!-- scenario2 -->
        <test-method signature="scenario3(java.lang.String,java.lang.String,java.lang.String)[pri:0, instance:com.main.Main@24569dba]" started-at="2024-06-04T09:28:23 IST" name="scenario3" finished-at="2024-06-04T09:28:49 IST" duration-ms="26623" status="PASS">
          <params>
            <param index="0">
              <value>
                <![CDATA[Safari]]>
              </value>
            </param>
            <param index="1">
              <value>
                <![CDATA[17.0]]>
              </value>
            </param>
            <param index="2">
              <value>
                <![CDATA[macOS Sonoma]]>
              </value>
            </param>
          </params>
          <reporter-output>
          </reporter-output>
        </test-method> <!-- scenario3 -->
      </class> <!-- com.main.Main -->
    </test> <!-- MACTEST -->
  </suite> <!-- LambaTestSuite -->
</testng-results>
